[16:26:20] [main/INFO]: Loading Minecraft 1.20.1 with Fabric Loader 0.16.4
[16:26:20] [main/INFO]: Loading 4 mods:
	- fabricloader 0.16.4
	   \-- mixinextras 0.4.1
	- java 17
	- minecraft 1.20.1
[16:26:20] [main/INFO]: SpongePowered MIXIN Subsystem Version=0.8.7 Source=file:/minecraft/data/libraries/net/fabricmc/sponge-mixin/0.15.3+mixin.0.8.7/sponge-mixin-0.15.3+mixin.0.8.7.jar Service=Knot/Fabric Env=SERVER
[16:26:25] [main/INFO]: Environment: authHost='https://authserver.mojang.com', accountsHost='https://api.mojang.com', sessionHost='https://sessionserver.mojang.com', servicesHost='https://api.minecraftservices.com', name='PROD'
[16:26:26] [main/INFO]: Loaded 7 recipes
[16:26:26] [main/INFO]: Loaded 1271 advancements
[16:26:27] [Server thread/INFO]: Starting minecraft server version 1.20.1
[16:26:27] [Server thread/INFO]: Loading properties
[16:26:27] [Server thread/INFO]: Default game type: SURVIVAL
[16:26:27] [Server thread/INFO]: Generating keypair
[16:26:27] [Server thread/INFO]: Starting Minecraft server on *:25565
[16:26:27] [Server thread/INFO]: Using epoll channel type
[16:26:27] [Server thread/INFO]: Preparing level "world"
[16:26:33] [Server thread/INFO]: Preparing start region for dimension minecraft:overworld
[16:26:38] [Worker-Main-1/INFO]: Preparing spawn area: 0%
[16:26:38] [Worker-Main-1/INFO]: Preparing spawn area: 0%
[16:26:38] [Worker-Main-1/INFO]: Preparing spawn area: 0%
[16:26:38] [Worker-Main-1/INFO]: Preparing spawn area: 0%
[16:26:38] [Worker-Main-1/INFO]: Preparing spawn area: 0%
[16:26:38] [Worker-Main-1/INFO]: Preparing spawn area: 0%
[16:26:38] [Worker-Main-1/INFO]: Preparing spawn area: 0%
[16:26:38] [Worker-Main-1/INFO]: Preparing spawn area: 0%
[16:26:38] [Worker-Main-1/INFO]: Preparing spawn area: 0%
[16:26:38] [Worker-Main-1/INFO]: Preparing spawn area: 0%
[16:26:38] [Worker-Main-1/INFO]: Preparing spawn area: 0%
[16:26:39] [Worker-Main-1/INFO]: Preparing spawn area: 0%
[16:26:39] [Worker-Main-1/INFO]: Preparing spawn area: 0%
[16:26:39] [Worker-Main-1/INFO]: Preparing spawn area: 0%
[16:26:40] [Worker-Main-1/INFO]: Preparing spawn area: 3%
[16:26:40] [Server thread/INFO]: Time elapsed: 7297 ms
[16:26:40] [Server thread/INFO]: Done (13.389s)! For help, type "help"
[16:31:19] [Server thread/INFO]: Stopping the server
[16:31:19] [Server thread/INFO]: Stopping server
[16:31:19] [Server thread/INFO]: Saving players
[16:31:19] [Server thread/INFO]: Saving worlds
[16:31:19] [Server thread/INFO]: Saving chunks for level 'ServerLevel[world]'/minecraft:overworld
[16:31:20] [Server thread/INFO]: Saving chunks for level 'ServerLevel[world]'/minecraft:the_nether
[16:31:20] [Server thread/INFO]: Saving chunks for level 'ServerLevel[world]'/minecraft:the_end
[16:31:20] [Server thread/INFO]: ThreadedAnvilChunkStorage (world): All chunks are saved
[16:31:20] [Server thread/INFO]: ThreadedAnvilChunkStorage (DIM-1): All chunks are saved
[16:31:20] [Server thread/INFO]: ThreadedAnvilChunkStorage (DIM1): All chunks are saved
[16:31:20] [Server thread/INFO]: ThreadedAnvilChunkStorage: All dimensions are saved
