8[0mno command provided, doing auto run[2J8[0mchecking if secret key is valid[2J8[0msecret key valid, agent has 1 tunnels[2J8[0mstarting up tunnel connection[2J8[0mtunnel running[2J8[0mplayit (v0.15.23): 1726158391647 tunnel running, 1 tunnels registered


TUNNELS
electronic-northeast.gl.joinmc.link => 127.0.0.1:25565 (minecraft-java)
[2J8[0mGot Error
MSG: Failed to load latest tunnels
Error: ClientError(TooManyRequests)
[2J8[0mplayit (v0.15.23): 1726158406732 tunnel running, 1 tunnels registered


TUNNELS
electronic-northeast.gl.joinmc.link => 127.0.0.1:25565 (minecraft-java)
[2J8[0mplayit (v0.15.23): 1726158409798 tunnel running, 1 tunnels registered


TUNNELS
electronic-northeast.gl.joinmc.link => 127.0.0.1:25565 (minecraft-java)
[2J8[0mplayit (v0.15.23): 1726158412854 tunnel running, 1 tunnels registered


TUNNELS
electronic-northeast.gl.joinmc.link => 127.0.0.1:25565 (minecraft-java)
[2J8[0mplayit (v0.15.23): 1726158415917 tunnel running, 1 tunnels registered


TUNNELS
electronic-northeast.gl.joinmc.link => 127.0.0.1:25565 (minecraft-java)
[2J8[0mplayit (v0.15.23): 1726158418980 tunnel running, 1 tunnels registered


TUNNELS
electronic-northeast.gl.joinmc.link => 127.0.0.1:25565 (minecraft-java)
[2J8[0mplayit (v0.15.23): 1726158422036 tunnel running, 1 tunnels registered


TUNNELS
electronic-northeast.gl.joinmc.link => 127.0.0.1:25565 (minecraft-java)
[2J8[0mplayit (v0.15.23): 1726158425101 tunnel running, 1 tunnels registered


TUNNELS
electronic-northeast.gl.joinmc.link => 127.0.0.1:25565 (minecraft-java)
[2J8[0mplayit (v0.15.23): 1726158428170 tunnel running, 1 tunnels registered


TUNNELS
electronic-northeast.gl.joinmc.link => 127.0.0.1:25565 (minecraft-java)
[2J8[0mplayit (v0.15.23): 1726158431232 tunnel running, 1 tunnels registered


TUNNELS
electronic-northeast.gl.joinmc.link => 127.0.0.1:25565 (minecraft-java)
[2J8[0mplayit (v0.15.23): 1726158434351 tunnel running, 1 tunnels registered


TUNNELS
electronic-northeast.gl.joinmc.link => 127.0.0.1:25565 (minecraft-java)
[2J8[0mplayit (v0.15.23): 1726158437432 tunnel running, 1 tunnels registered


TUNNELS
electronic-northeast.gl.joinmc.link => 127.0.0.1:25565 (minecraft-java)
[2J8[0mplayit (v0.15.23): 1726158440512 tunnel running, 1 tunnels registered


TUNNELS
electronic-northeast.gl.joinmc.link => 127.0.0.1:25565 (minecraft-java)
[2J8[0mplayit (v0.15.23): 1726158443571 tunnel running, 1 tunnels registered


TUNNELS
electronic-northeast.gl.joinmc.link => 127.0.0.1:25565 (minecraft-java)
[2J8[0mplayit (v0.15.23): 1726158446635 tunnel running, 1 tunnels registered


TUNNELS
electronic-northeast.gl.joinmc.link => 127.0.0.1:25565 (minecraft-java)
[2J8[0mplayit (v0.15.23): 1726158449699 tunnel running, 1 tunnels registered


TUNNELS
electronic-northeast.gl.joinmc.link => 127.0.0.1:25565 (minecraft-java)
[2J8[0mplayit (v0.15.23): 1726158452764 tunnel running, 1 tunnels registered


TUNNELS
electronic-northeast.gl.joinmc.link => 127.0.0.1:25565 (minecraft-java)
[2J8[0mplayit (v0.15.23): 1726158455822 tunnel running, 1 tunnels registered


TUNNELS
electronic-northeast.gl.joinmc.link => 127.0.0.1:25565 (minecraft-java)
[2J8[0mplayit (v0.15.23): 1726158458884 tunnel running, 1 tunnels registered


TUNNELS
electronic-northeast.gl.joinmc.link => 127.0.0.1:25565 (minecraft-java)
[2J8[0mplayit (v0.15.23): 1726158461954 tunnel running, 1 tunnels registered


TUNNELS
electronic-northeast.gl.joinmc.link => 127.0.0.1:25565 (minecraft-java)
[2J8[0mplayit (v0.15.23): 1726158465034 tunnel running, 1 tunnels registered


TUNNELS
electronic-northeast.gl.joinmc.link => 127.0.0.1:25565 (minecraft-java)
[2J8[0mplayit (v0.15.23): 1726158468104 tunnel running, 1 tunnels registered


TUNNELS
electronic-northeast.gl.joinmc.link => 127.0.0.1:25565 (minecraft-java)
[2J8[0mplayit (v0.15.23): 1726158471165 tunnel running, 1 tunnels registered


TUNNELS
electronic-northeast.gl.joinmc.link => 127.0.0.1:25565 (minecraft-java)
[2J8[0mplayit (v0.15.23): 1726158474231 tunnel running, 1 tunnels registered


TUNNELS
electronic-northeast.gl.joinmc.link => 127.0.0.1:25565 (minecraft-java)
[2J8[0mplayit (v0.15.23): 1726158477302 tunnel running, 1 tunnels registered


TUNNELS
electronic-northeast.gl.joinmc.link => 127.0.0.1:25565 (minecraft-java)
[2J8[0mplayit (v0.15.23): 1726158480362 tunnel running, 1 tunnels registered


TUNNELS
electronic-northeast.gl.joinmc.link => 127.0.0.1:25565 (minecraft-java)
[2J8[0mplayit (v0.15.23): 1726158483426 tunnel running, 1 tunnels registered


TUNNELS
electronic-northeast.gl.joinmc.link => 127.0.0.1:25565 (minecraft-java)
[2J8[0mplayit (v0.15.23): 1726158486505 tunnel running, 1 tunnels registered


TUNNELS
electronic-northeast.gl.joinmc.link => 127.0.0.1:25565 (minecraft-java)
[2J8[0mplayit (v0.15.23): 1726158489566 tunnel running, 1 tunnels registered


TUNNELS
electronic-northeast.gl.joinmc.link => 127.0.0.1:25565 (minecraft-java)
[2J8[0mplayit (v0.15.23): 1726158492652 tunnel running, 1 tunnels registered


TUNNELS
electronic-northeast.gl.joinmc.link => 127.0.0.1:25565 (minecraft-java)
[2J8[0mplayit (v0.15.23): 1726158495709 tunnel running, 1 tunnels registered


TUNNELS
electronic-northeast.gl.joinmc.link => 127.0.0.1:25565 (minecraft-java)
[2J8[0mplayit (v0.15.23): 1726158498785 tunnel running, 1 tunnels registered


TUNNELS
electronic-northeast.gl.joinmc.link => 127.0.0.1:25565 (minecraft-java)
[2J8[0mplayit (v0.15.23): 1726158501841 tunnel running, 1 tunnels registered


TUNNELS
electronic-northeast.gl.joinmc.link => 127.0.0.1:25565 (minecraft-java)
[2J8[0mplayit (v0.15.23): 1726158504903 tunnel running, 1 tunnels registered


TUNNELS
electronic-northeast.gl.joinmc.link => 127.0.0.1:25565 (minecraft-java)
[2J8[0mplayit (v0.15.23): 1726158507974 tunnel running, 1 tunnels registered


TUNNELS
electronic-northeast.gl.joinmc.link => 127.0.0.1:25565 (minecraft-java)
[2J8[0mplayit (v0.15.23): 1726158511060 tunnel running, 1 tunnels registered


TUNNELS
electronic-northeast.gl.joinmc.link => 127.0.0.1:25565 (minecraft-java)
[2J8[0mplayit (v0.15.23): 1726158514241 tunnel running, 1 tunnels registered


TUNNELS
electronic-northeast.gl.joinmc.link => 127.0.0.1:25565 (minecraft-java)
[2J8[0mplayit (v0.15.23): 1726158517311 tunnel running, 1 tunnels registered


TUNNELS
electronic-northeast.gl.joinmc.link => 127.0.0.1:25565 (minecraft-java)
[2J8[0mplayit (v0.15.23): 1726158520382 tunnel running, 1 tunnels registered


TUNNELS
electronic-northeast.gl.joinmc.link => 127.0.0.1:25565 (minecraft-java)
[2J8[0mplayit (v0.15.23): 1726158523453 tunnel running, 1 tunnels registered


TUNNELS
electronic-northeast.gl.joinmc.link => 127.0.0.1:25565 (minecraft-java)
[2J8[0mplayit (v0.15.23): 1726158526512 tunnel running, 1 tunnels registered


TUNNELS
electronic-northeast.gl.joinmc.link => 127.0.0.1:25565 (minecraft-java)
[2J8[0mplayit (v0.15.23): 1726158529574 tunnel running, 1 tunnels registered


TUNNELS
electronic-northeast.gl.joinmc.link => 127.0.0.1:25565 (minecraft-java)
[2J8[0mplayit (v0.15.23): 1726158532644 tunnel running, 1 tunnels registered


TUNNELS
electronic-northeast.gl.joinmc.link => 127.0.0.1:25565 (minecraft-java)
[2J8[0mplayit (v0.15.23): 1726158535715 tunnel running, 1 tunnels registered


TUNNELS
electronic-northeast.gl.joinmc.link => 127.0.0.1:25565 (minecraft-java)
[2J8[0mplayit (v0.15.23): 1726158538775 tunnel running, 1 tunnels registered


TUNNELS
electronic-northeast.gl.joinmc.link => 127.0.0.1:25565 (minecraft-java)
[2J8[0mplayit (v0.15.23): 1726158541885 tunnel running, 1 tunnels registered


TUNNELS
electronic-northeast.gl.joinmc.link => 127.0.0.1:25565 (minecraft-java)
[2J8[0mplayit (v0.15.23): 1726158544950 tunnel running, 1 tunnels registered


TUNNELS
electronic-northeast.gl.joinmc.link => 127.0.0.1:25565 (minecraft-java)
[2J8[0mplayit (v0.15.23): 1726158548003 tunnel running, 1 tunnels registered


TUNNELS
electronic-northeast.gl.joinmc.link => 127.0.0.1:25565 (minecraft-java)
[2J8[0mplayit (v0.15.23): 1726158551055 tunnel running, 1 tunnels registered


TUNNELS
electronic-northeast.gl.joinmc.link => 127.0.0.1:25565 (minecraft-java)
[2J8[0mplayit (v0.15.23): 1726158554120 tunnel running, 1 tunnels registered


TUNNELS
electronic-northeast.gl.joinmc.link => 127.0.0.1:25565 (minecraft-java)
[2J8[0mplayit (v0.15.23): 1726158557193 tunnel running, 1 tunnels registered


TUNNELS
electronic-northeast.gl.joinmc.link => 127.0.0.1:25565 (minecraft-java)
[2J8[0mplayit (v0.15.23): 1726158560250 tunnel running, 1 tunnels registered


TUNNELS
electronic-northeast.gl.joinmc.link => 127.0.0.1:25565 (minecraft-java)
[2J8[0mplayit (v0.15.23): 1726158563300 tunnel running, 1 tunnels registered


TUNNELS
electronic-northeast.gl.joinmc.link => 127.0.0.1:25565 (minecraft-java)
[2J8[0mplayit (v0.15.23): 1726158566352 tunnel running, 1 tunnels registered


TUNNELS
electronic-northeast.gl.joinmc.link => 127.0.0.1:25565 (minecraft-java)
[2J8[0mplayit (v0.15.23): 1726158569414 tunnel running, 1 tunnels registered


TUNNELS
electronic-northeast.gl.joinmc.link => 127.0.0.1:25565 (minecraft-java)
[2J8[0mplayit (v0.15.23): 1726158572500 tunnel running, 1 tunnels registered


TUNNELS
electronic-northeast.gl.joinmc.link => 127.0.0.1:25565 (minecraft-java)
[2J8[0mplayit (v0.15.23): 1726158575564 tunnel running, 1 tunnels registered


TUNNELS
electronic-northeast.gl.joinmc.link => 127.0.0.1:25565 (minecraft-java)
[2J8[0mplayit (v0.15.23): 1726158578623 tunnel running, 1 tunnels registered


TUNNELS
electronic-northeast.gl.joinmc.link => 127.0.0.1:25565 (minecraft-java)
[2J8[0mplayit (v0.15.23): 1726158581674 tunnel running, 1 tunnels registered


TUNNELS
electronic-northeast.gl.joinmc.link => 127.0.0.1:25565 (minecraft-java)
[2J8[0mplayit (v0.15.23): 1726158584762 tunnel running, 1 tunnels registered


TUNNELS
electronic-northeast.gl.joinmc.link => 127.0.0.1:25565 (minecraft-java)
[2J8[0mplayit (v0.15.23): 1726158587826 tunnel running, 1 tunnels registered


TUNNELS
electronic-northeast.gl.joinmc.link => 127.0.0.1:25565 (minecraft-java)
[2J8[0mplayit (v0.15.23): 1726158590881 tunnel running, 1 tunnels registered


TUNNELS
electronic-northeast.gl.joinmc.link => 127.0.0.1:25565 (minecraft-java)
[2J8[0mplayit (v0.15.23): 1726158593938 tunnel running, 1 tunnels registered


TUNNELS
electronic-northeast.gl.joinmc.link => 127.0.0.1:25565 (minecraft-java)
[2J8[0mplayit (v0.15.23): 1726158597010 tunnel running, 1 tunnels registered


TUNNELS
electronic-northeast.gl.joinmc.link => 127.0.0.1:25565 (minecraft-java)
[2J8[0mplayit (v0.15.23): 1726158600062 tunnel running, 1 tunnels registered


TUNNELS
electronic-northeast.gl.joinmc.link => 127.0.0.1:25565 (minecraft-java)
[2J8[0mplayit (v0.15.23): 1726158603154 tunnel running, 1 tunnels registered


TUNNELS
electronic-northeast.gl.joinmc.link => 127.0.0.1:25565 (minecraft-java)
[2J8[0mplayit (v0.15.23): 1726158606226 tunnel running, 1 tunnels registered


TUNNELS
electronic-northeast.gl.joinmc.link => 127.0.0.1:25565 (minecraft-java)
[2J8[0mplayit (v0.15.23): 1726158609291 tunnel running, 1 tunnels registered


TUNNELS
electronic-northeast.gl.joinmc.link => 127.0.0.1:25565 (minecraft-java)
[2J8[0mplayit (v0.15.23): 1726158612363 tunnel running, 1 tunnels registered


TUNNELS
electronic-northeast.gl.joinmc.link => 127.0.0.1:25565 (minecraft-java)
[2J8[0mplayit (v0.15.23): 1726158615435 tunnel running, 1 tunnels registered


TUNNELS
electronic-northeast.gl.joinmc.link => 127.0.0.1:25565 (minecraft-java)
[2J8[0mplayit (v0.15.23): 1726158618495 tunnel running, 1 tunnels registered


TUNNELS
electronic-northeast.gl.joinmc.link => 127.0.0.1:25565 (minecraft-java)
[2J8[0mplayit (v0.15.23): 1726158621557 tunnel running, 1 tunnels registered


TUNNELS
electronic-northeast.gl.joinmc.link => 127.0.0.1:25565 (minecraft-java)
[2J8[0mplayit (v0.15.23): 1726158624636 tunnel running, 1 tunnels registered


TUNNELS
electronic-northeast.gl.joinmc.link => 127.0.0.1:25565 (minecraft-java)
[2J8[0mplayit (v0.15.23): 1726158627712 tunnel running, 1 tunnels registered


TUNNELS
electronic-northeast.gl.joinmc.link => 127.0.0.1:25565 (minecraft-java)
[2J8[0mplayit (v0.15.23): 1726158630784 tunnel running, 1 tunnels registered


TUNNELS
electronic-northeast.gl.joinmc.link => 127.0.0.1:25565 (minecraft-java)
[2J8[0mplayit (v0.15.23): 1726158633845 tunnel running, 1 tunnels registered


TUNNELS
electronic-northeast.gl.joinmc.link => 127.0.0.1:25565 (minecraft-java)
[2J8[0mplayit (v0.15.23): 1726158636909 tunnel running, 1 tunnels registered


TUNNELS
electronic-northeast.gl.joinmc.link => 127.0.0.1:25565 (minecraft-java)
[2J8[0mplayit (v0.15.23): 1726158639989 tunnel running, 1 tunnels registered


TUNNELS
electronic-northeast.gl.joinmc.link => 127.0.0.1:25565 (minecraft-java)
[2J8[0mplayit (v0.15.23): 1726158643054 tunnel running, 1 tunnels registered


TUNNELS
electronic-northeast.gl.joinmc.link => 127.0.0.1:25565 (minecraft-java)
[2J8[0mplayit (v0.15.23): 1726158646146 tunnel running, 1 tunnels registered


TUNNELS
electronic-northeast.gl.joinmc.link => 127.0.0.1:25565 (minecraft-java)
[2J8[0mplayit (v0.15.23): 1726158649201 tunnel running, 1 tunnels registered


TUNNELS
electronic-northeast.gl.joinmc.link => 127.0.0.1:25565 (minecraft-java)
[2J8[0mplayit (v0.15.23): 1726158652260 tunnel running, 1 tunnels registered


TUNNELS
electronic-northeast.gl.joinmc.link => 127.0.0.1:25565 (minecraft-java)
[2J8[0mplayit (v0.15.23): 1726158655452 tunnel running, 1 tunnels registered


TUNNELS
electronic-northeast.gl.joinmc.link => 127.0.0.1:25565 (minecraft-java)
[2J8[0mplayit (v0.15.23): 1726158658508 tunnel running, 1 tunnels registered


TUNNELS
electronic-northeast.gl.joinmc.link => 127.0.0.1:25565 (minecraft-java)
[2J8[0mplayit (v0.15.23): 1726158661583 tunnel running, 1 tunnels registered


TUNNELS
electronic-northeast.gl.joinmc.link => 127.0.0.1:25565 (minecraft-java)
[2J8[0mplayit (v0.15.23): 1726158664639 tunnel running, 1 tunnels registered


TUNNELS
electronic-northeast.gl.joinmc.link => 127.0.0.1:25565 (minecraft-java)
[2J8[0mplayit (v0.15.23): 1726158667928 tunnel running, 1 tunnels registered


TUNNELS
electronic-northeast.gl.joinmc.link => 127.0.0.1:25565 (minecraft-java)
[2J8[0mplayit (v0.15.23): 1726158670982 tunnel running, 1 tunnels registered


TUNNELS
electronic-northeast.gl.joinmc.link => 127.0.0.1:25565 (minecraft-java)
[2J8[0mplayit (v0.15.23): 1726158674047 tunnel running, 1 tunnels registered


TUNNELS
electronic-northeast.gl.joinmc.link => 127.0.0.1:25565 (minecraft-java)
[2J8[0mplayit (v0.15.23): 1726158677103 tunnel running, 1 tunnels registered


TUNNELS
electronic-northeast.gl.joinmc.link => 127.0.0.1:25565 (minecraft-java)
[2J8[0mplayit (v0.15.23): 1726158680171 tunnel running, 1 tunnels registered


TUNNELS
electronic-northeast.gl.joinmc.link => 127.0.0.1:25565 (minecraft-java)
[2J8[0mplayit (v0.15.23): 1726158683235 tunnel running, 1 tunnels registered


TUNNELS
electronic-northeast.gl.joinmc.link => 127.0.0.1:25565 (minecraft-java)
